2025-07-05 17:40:51 reorganize files
2025-11-25 05:39:45 fix typo in docs
2025-03-18 00:22:10 upgrade dependencies
2025-07-23 13:08:05 update roadmap
2025-09-10 12:02:04 rollback changes
2025-01-08 06:30:57 add integration tests
2025-01-19 23:54:28 optimize function
2025-03-29 03:54:12 rollback changes
2025-05-18 09:31:14 add unit tests
2025-09-25 10:27:56 reformat code
2025-02-11 20:40:17 security patch
2025-08-21 03:14:05 minor refactor
2025-09-10 06:31:03 update configs for prod
2025-06-09 10:02:29 minor changes
2025-05-02 15:09:56 fix encoding issue
2025-11-15 05:36:42 better error handling
2025-04-26 00:23:33 fix config bug
2025-09-22 12:19:37 fix timezone issue
2025-07-23 03:49:39 update roadmap
2025-12-23 18:58:13 fix encoding issue
2025-01-29 08:18:40 fix null pointer
2025-12-08 21:25:52 UI improvements
2025-12-17 22:16:22 temporary fix
2025-01-12 22:12:06 improve security
2025-03-31 01:01:24 improve UX
2025-11-16 14:58:22 increase test coverage
2025-05-02 06:52:57 fix bug
2025-08-29 16:43:17 security patch
2025-02-26 05:07:39 fix async issue
2025-08-26 12:32:13 update comments
2025-11-06 21:38:46 security patch
2025-03-25 05:06:43 merge branch
2025-02-12 22:02:01 patch vulnerability
2025-09-21 02:30:39 fix misconfiguration
2025-08-01 10:34:02 fix timezone issue
2025-05-21 08:28:42 update scripts
2025-08-04 19:26:13 typo fix
2025-04-22 01:58:25 experimental changes
2025-06-08 13:18:05 update configs
2025-08-12 05:29:38 update constants
2025-06-14 00:54:39 minor tweaks
2025-02-20 03:30:25 fix CI errors
2025-04-29 05:15:09 update headers
2025-04-05 08:46:04 fix bug
2025-04-10 22:59:00 remove unused import
2025-05-16 18:38:46 cleanup dependencies
